
SQL*Loader: Release 11.2.0.2.0 - Production on N Gru 28 13:59:05 2014

Copyright (c) 1982, 2009, Oracle and/or its affiliates.  All rights reserved.

Control File:   miesiac.ctl
Character Set UTF8 specified for all input.

Data File:      miesiac.csv
  Bad File:     miesiac.bad
  Discard File:  none specified
 
 (Allow all discards)

Number to load: ALL
Number to skip: 0
Errors allowed: 50
Bind array:     64 rows, maximum of 256000 bytes
Continuation:    none specified
Path used:      Conventional

Table MIESIAC, loaded from every logical record.
Insert option in effect for this table: INSERT

   Column Name                  Position   Len  Term Encl Datatype
------------------------------ ---------- ----- ---- ---- ---------------------
ID                                  FIRST     *   ,       CHARACTER            
ROK_ID                               NEXT     *   ,       CHARACTER            
NUMER                                NEXT     *   ,       CHARACTER            
NAZWA                                NEXT     *   ,       CHARACTER            


Table MIESIAC:
  60 Rows successfully loaded.
  0 Rows not loaded due to data errors.
  0 Rows not loaded because all WHEN clauses were failed.
  0 Rows not loaded because all fields were null.


Space allocated for bind array:                  66048 bytes(64 rows)
Read   buffer bytes: 1048576

Total logical records skipped:          0
Total logical records read:            60
Total logical records rejected:         0
Total logical records discarded:        0

Run began on N  Gru 28 13:59:05 2014
Run ended on N  Gru 28 13:59:05 2014

Elapsed time was:     00:00:00.04
CPU time was:         00:00:00.03
