
SQL*Loader: Release 11.2.0.2.0 - Production on N Gru 28 13:59:06 2014

Copyright (c) 1982, 2009, Oracle and/or its affiliates.  All rights reserved.

Control File:   sprzedaz.ctl
Character Set UTF8 specified for all input.

Data File:      sprzedaz.csv
  Bad File:     sprzedaz.bad
  Discard File:  none specified
 
 (Allow all discards)

Number to load: ALL
Number to skip: 0
Errors allowed: 50
Bind array:     64 rows, maximum of 256000 bytes
Continuation:    none specified
Path used:      Conventional

Table SPRZEDAZ, loaded from every logical record.
Insert option in effect for this table: INSERT

   Column Name                  Position   Len  Term Encl Datatype
------------------------------ ---------- ----- ---- ---- ---------------------
ID                                  FIRST     *   ,       CHARACTER            
KLIENT_ID                            NEXT     *   ,       CHARACTER            
SPRZEDAWCA_ID                        NEXT     *   ,       CHARACTER            
DATA_SPRZEDAZY_ID                    NEXT     *   ,       CHARACTER            
PRODUKT_ID                           NEXT     *   ,       CHARACTER            
ILOSC                                NEXT     *   ,       CHARACTER            
WARTOSC                              NEXT     *   ,       CHARACTER            

Record 1331: Rejected - Error on table SPRZEDAZ.
ORA-02291: integrity constraint (GHUTIX6.SPRZEDAZ_SPRZEDAWCA_FK) violated - parent key not found


Table SPRZEDAZ:
  4999 Rows successfully loaded.
  1 Row not loaded due to data errors.
  0 Rows not loaded because all WHEN clauses were failed.
  0 Rows not loaded because all fields were null.


Space allocated for bind array:                 115584 bytes(64 rows)
Read   buffer bytes: 1048576

Total logical records skipped:          0
Total logical records read:          5000
Total logical records rejected:         1
Total logical records discarded:        0

Run began on N  Gru 28 13:59:06 2014
Run ended on N  Gru 28 13:59:06 2014

Elapsed time was:     00:00:00.14
CPU time was:         00:00:00.01
