
SQL*Loader: Release 11.2.0.2.0 - Production on So Gru 27 11:25:43 2014

Copyright (c) 1982, 2009, Oracle and/or its affiliates.  All rights reserved.

Control File:   data_sprzedazy.ctl
Character Set UTF8 specified for all input.

Data File:      data_sprzedazy.csv
  Bad File:     data_sprzedazy.bad
  Discard File:  none specified
 
 (Allow all discards)

Number to load: ALL
Number to skip: 0
Errors allowed: 50
Bind array:     64 rows, maximum of 256000 bytes
Continuation:    none specified
Path used:      Conventional

Table DATA_SPRZEDAZY, loaded from every logical record.
Insert option in effect for this table: INSERT

   Column Name                  Position   Len  Term Encl Datatype
------------------------------ ---------- ----- ---- ---- ---------------------
ID                                  FIRST     *   ,       CHARACTER            
MIESIAC_ID                           NEXT     *   ,       CHARACTER            
NUMER_MIESIAC                        NEXT     *   ,       CHARACTER            
NUMER_TYDZIEN                        NEXT     *   ,       CHARACTER            
NAZWA                                NEXT     *   ,       CHARACTER            
CZY_DZIEN_ROBOCZY                    NEXT     *   ,       CHARACTER            


Table DATA_SPRZEDAZY:
  1826 Rows successfully loaded.
  0 Rows not loaded due to data errors.
  0 Rows not loaded because all WHEN clauses were failed.
  0 Rows not loaded because all fields were null.


Space allocated for bind array:                  99072 bytes(64 rows)
Read   buffer bytes: 1048576

Total logical records skipped:          0
Total logical records read:          1826
Total logical records rejected:         0
Total logical records discarded:        0

Run began on So Gru 27 11:25:43 2014
Run ended on So Gru 27 11:25:43 2014

Elapsed time was:     00:00:00.08
CPU time was:         00:00:00.03
