
SQL*Loader: Release 11.2.0.2.0 - Production on So Gru 27 11:25:44 2014

Copyright (c) 1982, 2009, Oracle and/or its affiliates.  All rights reserved.

Control File:   produkt.ctl
Character Set UTF8 specified for all input.

Data File:      produkt.csv
  Bad File:     produkt.bad
  Discard File:  none specified
 
 (Allow all discards)

Number to load: ALL
Number to skip: 0
Errors allowed: 50
Bind array:     64 rows, maximum of 256000 bytes
Continuation:    none specified
Path used:      Conventional

Table PRODUKT, loaded from every logical record.
Insert option in effect for this table: INSERT

   Column Name                  Position   Len  Term Encl Datatype
------------------------------ ---------- ----- ---- ---- ---------------------
ID                                  FIRST     *   ,  O(") CHARACTER            
PRODUKT_TYP_ID                       NEXT     *   ,  O(") CHARACTER            
NAZWA                                NEXT     *   ,  O(") CHARACTER            


Table PRODUKT:
  1190 Rows successfully loaded.
  0 Rows not loaded due to data errors.
  0 Rows not loaded because all WHEN clauses were failed.
  0 Rows not loaded because all fields were null.


Space allocated for bind array:                  49536 bytes(64 rows)
Read   buffer bytes: 1048576

Total logical records skipped:          0
Total logical records read:          1190
Total logical records rejected:         0
Total logical records discarded:        0

Run began on So Gru 27 11:25:44 2014
Run ended on So Gru 27 11:25:44 2014

Elapsed time was:     00:00:00.07
CPU time was:         00:00:00.00
